<?xml version="1.0" encoding="UTF-8"?>
<testsuite xmlns:xsi="http://www.w3.org/2001/XMLSchema-instance" xsi:noNamespaceSchemaLocation="https://maven.apache.org/surefire/maven-surefire-plugin/xsd/surefire-test-report-3.0.xsd" version="3.0" name="au.com.equifax.cicddemo.UserServiceTest" time="0.096" tests="4" errors="0" skipped="0" failures="0">
  <properties>
[...]
</properties>
  <testcase name="validateFindByIdTest" classname="au.com.equifax.cicddemo.UserServiceTest" time="0.036"/>
  <testcase name="validateUserTest" classname="au.com.equifax.cicddemo.UserServiceTest" time="0.003"/>
  <testcase name="addUSerTest" classname="au.com.equifax.cicddemo.UserServiceTest" time="0.002"/>
  <testcase name="validateUserCollectionTest" classname="au.com.equifax.cicddemo.UserServiceTest" time="0.002"/>
</testsuite>